<?xml version="1.0" encoding="UTF-8" ?>
<testsuite errors="0" failures="1" hostname="LYUR" name="gradadvising.EnrollmentsTests" tests="1" time="0.219" timestamp="2013-08-01T14:43:26">
  <properties />
  <testcase classname="gradadvising.EnrollmentsTests" name="testSomething" time="0.076">
    <failure message="junit.framework.AssertionFailedError: Implement me" type="junit.framework.AssertionFailedError">junit.framework.AssertionFailedError: junit.framework.AssertionFailedError: Implement me
	at gradadvising.EnrollmentsTests.testSomething(EnrollmentsTests.groovy:15)
</failure>
  </testcase>
  <system-out><![CDATA[--Output from testSomething--
]]></system-out>
  <system-err><![CDATA[--Output from testSomething--
]]></system-err>
</testsuite>
