<?xml version="1.0" encoding="UTF-8" ?>
<testsuite errors="0" failures="2" hostname="LYUR" name="gradadvising.EnrollmentsControllerTests" tests="8" time="4.186" timestamp="2013-08-01T14:43:22">
  <properties />
  <testcase classname="gradadvising.EnrollmentsControllerTests" name="testIndex" time="2.433" />
  <testcase classname="gradadvising.EnrollmentsControllerTests" name="testList" time="0.651" />
  <testcase classname="gradadvising.EnrollmentsControllerTests" name="testCreate" time="0.183" />
  <testcase classname="gradadvising.EnrollmentsControllerTests" name="testSave" time="0.335">
    <failure message="Assertion failed: &#xa;&#xa;assert model.enrollmentsInstance != null&#xa;       |     |                   |&#xa;       [:]   null                false&#xa;" type="junit.framework.AssertionFailedError">junit.framework.AssertionFailedError: Assertion failed: 

assert model.enrollmentsInstance != null
       |     |                   |
       [:]   null                false

	at gradadvising.EnrollmentsControllerTests.testSave(EnrollmentsControllerTests.groovy:40)
</failure>
  </testcase>
  <testcase classname="gradadvising.EnrollmentsControllerTests" name="testShow" time="0.081" />
  <testcase classname="gradadvising.EnrollmentsControllerTests" name="testEdit" time="0.074" />
  <testcase classname="gradadvising.EnrollmentsControllerTests" name="testUpdate" time="0.136">
    <failure message="Assertion failed: &#xa;&#xa;assert view == &quot;/enrollments/edit&quot;&#xa;       |    |&#xa;       null false&#xa;" type="junit.framework.AssertionFailedError">junit.framework.AssertionFailedError: Assertion failed: 

assert view == &quot;/enrollments/edit&quot;
       |    |
       null false

	at gradadvising.EnrollmentsControllerTests.testUpdate(EnrollmentsControllerTests.groovy:108)
</failure>
  </testcase>
  <testcase classname="gradadvising.EnrollmentsControllerTests" name="testDelete" time="0.146" />
  <system-out><![CDATA[--Output from testIndex--
--Output from testList--
--Output from testCreate--
--Output from testSave--
--Output from testShow--
--Output from testEdit--
--Output from testUpdate--
--Output from testDelete--
]]></system-out>
  <system-err><![CDATA[--Output from testIndex--
--Output from testList--
--Output from testCreate--
--Output from testSave--
--Output from testShow--
--Output from testEdit--
--Output from testUpdate--
--Output from testDelete--
]]></system-err>
</testsuite>
