<?xml version="1.0" encoding="UTF-8" ?>
<testsuite errors="0" failures="1" hostname="LYUR" name="gradadvising.StudentTests" tests="1" time="0.25" timestamp="2013-07-30T15:04:30">
  <properties />
  <testcase classname="gradadvising.StudentTests" name="testSomething" time="0.12">
    <failure message="junit.framework.AssertionFailedError: Implement me" type="junit.framework.AssertionFailedError">junit.framework.AssertionFailedError: junit.framework.AssertionFailedError: Implement me
	at gradadvising.StudentTests.testSomething(StudentTests.groovy:15)
</failure>
  </testcase>
  <system-out><![CDATA[--Output from testSomething--
]]></system-out>
  <system-err><![CDATA[--Output from testSomething--
]]></system-err>
</testsuite>
